[97;1m***********************************************************************************[0m
[97;1mFecha / Hora : 2023/05/29 16:33:16[0m
Send to topic JPH/Tx/CONTADOR/: { "ID"  : "PWC  Acceso Castelli",                                                "Entrantes"  :"0",                                                   "Salientes" : "0",                                                 "RED":"SECTOR1",                                                "HORA":"29/05/2023 16:33:16"}
[97;1m***********************************************************************************[0m
[97;1mFecha / Hora : 2023/06/07 14:25:21[0m
CONEXION MQTT ESTABLECIDA
[97;1m***********************************************************************************[0m
[97;1mFecha / Hora : 2023/06/07 14:25:21[0m
Send to topic JPH/Tx/CONTADOR/: { "ID"  : "PWC  Acceso Castelli",                                                "Entrantes"  :"0",                                                   "Salientes" : "0",                                                 "RED":"SECTOR1",                                                "HORA":"07/06/2023 14:25:21"}
[97;1m***********************************************************************************[0m
[97;1mFecha / Hora : 2023/06/07 14:37:24[0m
CONEXION MQTT ESTABLECIDA
[97;1m***********************************************************************************[0m
[97;1mFecha / Hora : 2023/06/07 14:37:25[0m
Send to topic JPH/Tx/CONTADOR/: { "ID"  : "PWC  Acceso Castelli",                                                "Entrantes"  :"0",                                                   "Salientes" : "0",                                                 "RED":"SECTOR1",                                                "HORA":"07/06/2023 14:37:25"}
[97;1m***********************************************************************************[0m
[97;1mFecha / Hora : 2023/06/07 15:01:54[0m
CONEXION MQTT ESTABLECIDA
[97;1m***********************************************************************************[0m
[97;1mFecha / Hora : 2023/06/07 15:01:54[0m
Send to topic JPH/Tx/CONTADOR/: { "ID"  : "PWC  Acceso Castelli",                                                "Entrantes"  :"0",                                                   "Salientes" : "0",                                                 "RED":"SECTOR1",                                                "HORA":"07/06/2023 15:01:54"}
[97;1m***********************************************************************************[0m
[97;1mFecha / Hora : 2023/06/12 10:32:45[0m
CONEXION MQTT ESTABLECIDA
[97;1m***********************************************************************************[0m
[97;1mFecha / Hora : 2023/06/12 10:32:45[0m
Send to topic JPH/Tx/CONTADOR/: { "ID"  : "PWC  Acceso Castelli",                                                "Entrantes"  :"0",                                                   "Salientes" : "0",                                                 "RED":"SECTOR1",                                                "HORA":"12/06/2023 10:32:45"}
[97;1m***********************************************************************************[0m
[97;1mFecha / Hora : 2023/06/12 10:38:56[0m
CONEXION MQTT ESTABLECIDA
[97;1m***********************************************************************************[0m
[97;1mFecha / Hora : 2023/06/12 10:38:56[0m
Send to topic JPH/Tx/CONTADOR/: { "ID"  : "PWC  Acceso Castelli",                                                "Entrantes"  :"0",                                                   "Salientes" : "0",                                                 "RED":"SECTOR1",                                                "HORA":"12/06/2023 10:38:56"}
[97;1m***********************************************************************************[0m
[97;1mFecha / Hora : 2023/06/12 11:52:27[0m
Received from JPH/Rx/CONTADOR/ topic: 
{
  "msg": "hello"
} 
[97;1m***********************************************************************************[0m
[97;1mFecha / Hora : 2023/06/12 11:54:57[0m
Received from JPH/Rx/CONTADOR/ topic: 
{
  "ID": "PWC  Acceso Castelli",
  "RED" :"SECTOR1",
  "CANTIDAD" : "2"
} 
[97;1m***********************************************************************************[0m
[97;1mFecha / Hora : 2023/06/12 11:55:07[0m
Received from JPH/Rx/CONTADOR/ topic: 
{
  "ID": "PWC  Acceso Castelli",
  "RED" :"SECTOR1",
  "CANTIDAD" : "10"
} 
[97;1m***********************************************************************************[0m
[97;1mFecha / Hora : 2023/06/12 11:55:45[0m
Received from JPH/Rx/CONTADOR/ topic: 
{
  "ID": "PWC  Acceso Castelli",
  "RED" :"SECTOR",
  "CANTIDAD" : "10"
} 
[97;1m***********************************************************************************[0m
[97;1mFecha / Hora : 2023/06/12 11:55:56[0m
Received from JPH/Rx/CONTADOR/ topic: 
{
  "ID": "PWC  Acceso Castell",
  "RED" :"SECTOR1",
  "CANTIDAD" : "10"
} 
[97;1m***********************************************************************************[0m
[97;1mFecha / Hora : 2023/06/12 11:56:01[0m
Received from JPH/Rx/CONTADOR/ topic: 
{
  "ID": "PWC  Acceso Castelli",
  "RED" :"SECTOR1",
  "CANTIDAD" : "10"
} 
[97;1m***********************************************************************************[0m
[97;1mFecha / Hora : 2023/06/12 13:36:27[0m
Send to topic JPH/Tx/CONTADOR/: { "ID"  : "PWC  Acceso Castelli",                                            "Entrantes"  :"1",                                               "Salientes" : "1",                                             "RED":"SECTOR1",                                                 "HORA":"12/06/2023 13:36:27"}
[97;1m***********************************************************************************[0m
[97;1mFecha / Hora : 2023/06/12 13:37:27[0m
Send to topic JPH/Tx/CONTADOR/: { "ID"  : "PWC  Acceso Castelli",                                            "Entrantes"  :"1",                                               "Salientes" : "1",                                             "RED":"SECTOR1",                                                 "HORA":"12/06/2023 13:37:27"}
[97;1m***********************************************************************************[0m
[97;1mFecha / Hora : 2023/06/12 13:38:28[0m
Send to topic JPH/Tx/CONTADOR/: { "ID"  : "PWC  Acceso Castelli",                                            "Entrantes"  :"1",                                               "Salientes" : "1",                                             "RED":"SECTOR1",                                                 "HORA":"12/06/2023 13:38:28"}
[97;1m***********************************************************************************[0m
[97;1mFecha / Hora : 2023/06/12 13:38:33[0m
Received from JPH/Rx/CONTADOR/ topic: 
{                                                                  "ID":"PWC  Acceso Castelli"                                      ,"RED":"SECTOR1"                                     ,"CANTIDAD":"7"                                     ,"HORA":"12/06/2023 13:38:32"} 
[97;1m***********************************************************************************[0m
[97;1mFecha / Hora : 2023/06/12 13:41:29[0m
Send to topic JPH/Tx/CONTADOR/: { "ID"  : "PWC  Acceso Castelli",                                            "Entrantes"  :"1",                                               "Salientes" : "0",                                             "RED":"SECTOR1",                                                 "HORA":"12/06/2023 13:41:29"}
[97;1m***********************************************************************************[0m
[97;1mFecha / Hora : 2023/06/12 13:41:33[0m
Received from JPH/Rx/CONTADOR/ topic: 
{                                                                  "ID":"PWC  Acceso Castelli"                                      ,"RED":"SECTOR1"                                     ,"CANTIDAD":"8"                                     ,"HORA":"12/06/2023 13:41:31"} 
[97;1m***********************************************************************************[0m
[97;1mFecha / Hora : 2023/06/12 13:43:30[0m
Send to topic JPH/Tx/CONTADOR/: { "ID"  : "PWC  Acceso Castelli",                                            "Entrantes"  :"0",                                               "Salientes" : "2",                                             "RED":"SECTOR1",                                                 "HORA":"12/06/2023 13:43:30"}
[97;1m***********************************************************************************[0m
[97;1mFecha / Hora : 2023/06/12 13:43:35[0m
Received from JPH/Rx/CONTADOR/ topic: 
{                                                                  "ID":"PWC  Acceso Castelli"                                      ,"RED":"SECTOR1"                                     ,"CANTIDAD":"6"                                     ,"HORA":"12/06/2023 13:43:32"} 
[97;1m***********************************************************************************[0m
[97;1mFecha / Hora : 2023/06/12 14:01:40[0m
Send to topic JPH/Tx/CONTADOR/: { "ID"  : "PWC  Acceso Castelli",                                            "Entrantes"  :"1",                                               "Salientes" : "0",                                             "RED":"SECTOR1",                                                 "HORA":"12/06/2023 14:01:40"}
[97;1m***********************************************************************************[0m
[97;1mFecha / Hora : 2023/06/12 14:01:43[0m
Received from JPH/Rx/CONTADOR/ topic: 
{                                                                  "ID":"PWC  Acceso Castelli"                                      ,"RED":"SECTOR1"                                     ,"CANTIDAD":"7"                                     ,"HORA":"12/06/2023 14:01:42"} 
[97;1m***********************************************************************************[0m
[97;1mFecha / Hora : 2023/06/12 14:02:40[0m
Send to topic JPH/Tx/CONTADOR/: { "ID"  : "PWC  Acceso Castelli",                                            "Entrantes"  :"2",                                               "Salientes" : "4",                                             "RED":"SECTOR1",                                                 "HORA":"12/06/2023 14:02:40"}
[97;1m***********************************************************************************[0m
[97;1mFecha / Hora : 2023/06/12 14:02:44[0m
Received from JPH/Rx/CONTADOR/ topic: 
{                                                                  "ID":"PWC  Acceso Castelli"                                      ,"RED":"SECTOR1"                                     ,"CANTIDAD":"5"                                     ,"HORA":"12/06/2023 14:02:42"} 
[97;1m***********************************************************************************[0m
[97;1mFecha / Hora : 2023/06/12 14:44:07[0m
CONEXION MQTT ESTABLECIDA
[97;1m***********************************************************************************[0m
[97;1mFecha / Hora : 2023/06/12 14:44:08[0m
Send to topic JPH/Tx/CONTADOR/: { "ID"  : "PWC  Acceso Castelli",                                                "Entrantes"  :"0",                                                   "Salientes" : "0",                                                 "RED":"SECTOR1",                                                "HORA":"12/06/2023 14:44:08"}
[97;1m***********************************************************************************[0m
[97;1mFecha / Hora : 2023/06/12 14:50:11[0m
Send to topic JPH/Tx/CONTADOR/: { "ID"  : "PWC  Acceso Castelli",                                            "Entrantes"  :"1",                                               "Salientes" : "0",                                             "RED":"SECTOR1",                                                 "HORA":"12/06/2023 14:50:11"}
[97;1m***********************************************************************************[0m
[97;1mFecha / Hora : 2023/06/12 14:50:15[0m
Received from JPH/Rx/CONTADOR/ topic: 
{                                                                  "ID":"PWC  Acceso Castelli"                                      ,"RED":"SECTOR1"                                     ,"CANTIDAD":"6"                                     ,"HORA":"12/06/2023 14:50:13"} 
[97;1m***********************************************************************************[0m
[97;1mFecha / Hora : 2023/06/12 16:58:02[0m
Received from JPH/Rx/CONTADOR/ topic: 
{
  "ID": "PWC  Acceso Castelli",
  "RED" :"SECTOR1",
  "CANTIDAD" : "10"
} 
[97;1m***********************************************************************************[0m
[97;1mFecha / Hora : 2023/06/12 17:10:26[0m
CONEXION MQTT ESTABLECIDA
[97;1m***********************************************************************************[0m
[97;1mFecha / Hora : 2023/06/12 17:10:26[0m
Send to topic JPH/Tx/CONTADOR/: { "ID"  : "PWC  Acceso Castelli",                                                "Entrantes"  :"0",                                                   "Salientes" : "0",                                                 "RED":"SECTOR1",                                                "HORA":"12/06/2023 17:10:26"}
[97;1m***********************************************************************************[0m
[97;1mFecha / Hora : 2023/06/12 17:10:30[0m
Received from JPH/Rx/CONTADOR/ topic: 
{                                                                  "ID":"PWC  Acceso Castelli"                                      ,"RED":"SECTOR1"                                     ,"CANTIDAD":"6"                                     ,"HORA":"12/06/2023 17:10:28"} 
[97;1m***********************************************************************************[0m
[97;1mFecha / Hora : 2023/06/12 17:11:27[0m
Send to topic JPH/Tx/CONTADOR/: { "ID"  : "PWC  Acceso Castelli",                                            "Entrantes"  :"1",                                               "Salientes" : "0",                                             "RED":"SECTOR1",                                                 "HORA":"12/06/2023 17:11:27"}
[97;1m***********************************************************************************[0m
[97;1mFecha / Hora : 2023/06/12 17:11:30[0m
Received from JPH/Rx/CONTADOR/ topic: 
{                                                                  "ID":"PWC  Acceso Castelli"                                      ,"RED":"SECTOR1"                                     ,"CANTIDAD":"7"                                     ,"HORA":"12/06/2023 17:11:29"} 
[97;1m***********************************************************************************[0m
[97;1mFecha / Hora : 2023/06/13 06:03:56[0m
CONEXION MQTT ESTABLECIDA
[97;1m***********************************************************************************[0m
[97;1mFecha / Hora : 2023/06/13 08:34:38[0m
CONEXION MQTT ESTABLECIDA
[97;1m***********************************************************************************[0m
[97;1mFecha / Hora : 2023/06/13 08:34:38[0m
Send to topic JPH/Tx/CONTADOR/: { "ID"  : "PWC  Acceso Castelli",                                                "Entrantes"  :"0",                                                   "Salientes" : "0",                                                 "RED":"SECTOR1",                                                "HORA":"13/06/2023 08:34:38"}
[97;1m***********************************************************************************[0m
[97;1mFecha / Hora : 2023/06/13 08:34:42[0m
Received from JPH/Rx/CONTADOR/ topic: 
{                                                                  "ID":"PWC  Acceso Castelli"                                      ,"RED":"SECTOR1"                                     ,"CANTIDAD":"0"                                     ,"HORA":"13/06/2023 08:34:41"} 
[97;1m***********************************************************************************[0m
[97;1mFecha / Hora : 2023/06/13 08:35:48[0m
Send to topic JPH/Tx/CONTADOR/: { "ID"  : "PWC  Acceso Castelli",                                            "Entrantes"  :"1",                                               "Salientes" : "0",                                             "RED":"SECTOR1",                                                 "HORA":"13/06/2023 08:35:48"}
[97;1m***********************************************************************************[0m
[97;1mFecha / Hora : 2023/06/13 08:35:52[0m
Received from JPH/Rx/CONTADOR/ topic: 
{                                                                  "ID":"PWC  Acceso Castelli"                                      ,"RED":"SECTOR1"                                     ,"CANTIDAD":"1"                                     ,"HORA":"13/06/2023 08:35:52"} 
[97;1m***********************************************************************************[0m
[97;1mFecha / Hora : 2023/06/13 08:40:45[0m
Received from JPH/Rx/CONTADOR/ topic: 
{
  "ID": "PWC  Acceso Castelli",
  "RED" :"SECTOR1",
  "CANTIDAD" : "10"
} 
[97;1m***********************************************************************************[0m
[97;1mFecha / Hora : 2023/06/13 08:44:53[0m
Send to topic JPH/Tx/CONTADOR/: { "ID"  : "PWC  Acceso Castelli",                                            "Entrantes"  :"1",                                               "Salientes" : "0",                                             "RED":"SECTOR1",                                                 "HORA":"13/06/2023 08:44:53"}
[97;1m***********************************************************************************[0m
[97;1mFecha / Hora : 2023/06/13 08:44:56[0m
Received from JPH/Rx/CONTADOR/ topic: 
{                                                                  "ID":"PWC  Acceso Castelli"                                      ,"RED":"SECTOR1"                                     ,"CANTIDAD":"2"                                     ,"HORA":"13/06/2023 08:44:56"} 
[97;1m***********************************************************************************[0m
[97;1mFecha / Hora : 2023/06/13 08:45:45[0m
CONEXION MQTT ESTABLECIDA
[97;1m***********************************************************************************[0m
[97;1mFecha / Hora : 2023/06/13 08:45:46[0m
Send to topic JPH/Tx/CONTADOR/: { "ID"  : "PWC  Acceso Castelli",                                                "Entrantes"  :"0",                                                   "Salientes" : "0",                                                 "RED":"SECTOR1",                                                "HORA":"13/06/2023 08:45:46"}
[97;1m***********************************************************************************[0m
[97;1mFecha / Hora : 2023/06/13 08:45:49[0m
Received from JPH/Rx/CONTADOR/ topic: 
{                                                                  "ID":"PWC  Acceso Castelli"                                      ,"RED":"SECTOR1"                                     ,"CANTIDAD":"2"                                     ,"HORA":"13/06/2023 08:45:49"} 
[97;1m***********************************************************************************[0m
[97;1mFecha / Hora : 2023/06/13 08:46:46[0m
Send to topic JPH/Tx/CONTADOR/: { "ID"  : "PWC  Acceso Castelli",                                            "Entrantes"  :"2",                                               "Salientes" : "0",                                             "RED":"SECTOR1",                                                 "HORA":"13/06/2023 08:46:46"}
[97;1m***********************************************************************************[0m
[97;1mFecha / Hora : 2023/06/13 08:46:51[0m
Received from JPH/Rx/CONTADOR/ topic: 
{                                                                  "ID":"PWC  Acceso Castelli"                                      ,"RED":"SECTOR1"                                     ,"CANTIDAD":"4"                                     ,"HORA":"13/06/2023 08:46:49"} 
[97;1m***********************************************************************************[0m
[97;1mFecha / Hora : 2023/06/13 09:02:54[0m
Send to topic JPH/Tx/CONTADOR/: { "ID"  : "PWC  Acceso Castelli",                                            "Entrantes"  :"3",                                               "Salientes" : "0",                                             "RED":"SECTOR1",                                                 "HORA":"13/06/2023 09:02:54"}
[97;1m***********************************************************************************[0m
[97;1mFecha / Hora : 2023/06/13 09:03:01[0m
Received from JPH/Rx/CONTADOR/ topic: 
{                                                                  "ID":"PWC  Acceso Castelli"                                      ,"RED":"SECTOR1"                                     ,"CANTIDAD":"7"                                     ,"HORA":"13/06/2023 09:02:57"} 
[97;1m***********************************************************************************[0m
[97;1mFecha / Hora : 2023/06/13 09:03:04[0m
Received from JPH/Rx/CONTADOR/ topic: 
{
  "ID": "PWC  Acceso Castelli",
  "RED" :"SECTOR1",
  "CANTIDAD" : "7"
} 
[97;1m***********************************************************************************[0m
[97;1mFecha / Hora : 2023/06/13 09:04:55[0m
Send to topic JPH/Tx/CONTADOR/: { "ID"  : "PWC  Acceso Castelli",                                            "Entrantes"  :"1",                                               "Salientes" : "0",                                             "RED":"SECTOR1",                                                 "HORA":"13/06/2023 09:04:55"}
[97;1m***********************************************************************************[0m
[97;1mFecha / Hora : 2023/06/13 09:04:58[0m
Received from JPH/Rx/CONTADOR/ topic: 
{                                                                  "ID":"PWC  Acceso Castelli"                                      ,"RED":"SECTOR1"                                     ,"CANTIDAD":"8"                                     ,"HORA":"13/06/2023 09:04:58"} 
[97;1m***********************************************************************************[0m
[97;1mFecha / Hora : 2023/06/13 09:07:37[0m
CONEXION MQTT ESTABLECIDA
[97;1m***********************************************************************************[0m
[97;1mFecha / Hora : 2023/06/13 09:07:38[0m
Send to topic JPH/Tx/CONTADOR/: { "ID"  : "PWC  Acceso Castelli",                                                "Entrantes"  :"0",                                                   "Salientes" : "0",                                                 "RED":"SECTOR1",                                                "HORA":"13/06/2023 09:07:38"}
[97;1m***********************************************************************************[0m
[97;1mFecha / Hora : 2023/06/13 09:07:41[0m
Received from JPH/Rx/CONTADOR/ topic: 
{                                                                  "ID":"PWC  Acceso Castelli"                                      ,"RED":"SECTOR1"                                     ,"CANTIDAD":"8"                                     ,"HORA":"13/06/2023 09:07:41"} 
[97;1m***********************************************************************************[0m
[97;1mFecha / Hora : 2023/06/13 09:09:39[0m
Send to topic JPH/Tx/CONTADOR/: { "ID"  : "PWC  Acceso Castelli",                                            "Entrantes"  :"4",                                               "Salientes" : "1",                                             "RED":"SECTOR1",                                                 "HORA":"13/06/2023 09:09:39"}
[97;1m***********************************************************************************[0m
[97;1mFecha / Hora : 2023/06/13 09:09:42[0m
Received from JPH/Rx/CONTADOR/ topic: 
{                                                                  "ID":"PWC  Acceso Castelli"                                      ,"RED":"SECTOR1"                                     ,"CANTIDAD":"11"                                     ,"HORA":"13/06/2023 09:09:42"} 
[97;1m***********************************************************************************[0m
[97;1mFecha / Hora : 2023/06/13 09:10:39[0m
Send to topic JPH/Tx/CONTADOR/: { "ID"  : "PWC  Acceso Castelli",                                            "Entrantes"  :"3",                                               "Salientes" : "0",                                             "RED":"SECTOR1",                                                 "HORA":"13/06/2023 09:10:39"}
[97;1m***********************************************************************************[0m
[97;1mFecha / Hora : 2023/06/13 09:10:43[0m
Received from JPH/Rx/CONTADOR/ topic: 
{                                                                  "ID":"PWC  Acceso Castelli"                                      ,"RED":"SECTOR1"                                     ,"CANTIDAD":"14"                                     ,"HORA":"13/06/2023 09:10:42"} 
[97;1m***********************************************************************************[0m
[97;1mFecha / Hora : 2023/06/13 09:12:40[0m
Send to topic JPH/Tx/CONTADOR/: { "ID"  : "PWC  Acceso Castelli",                                            "Entrantes"  :"1",                                               "Salientes" : "0",                                             "RED":"SECTOR1",                                                 "HORA":"13/06/2023 09:12:40"}
[97;1m***********************************************************************************[0m
[97;1mFecha / Hora : 2023/06/13 09:12:44[0m
Received from JPH/Rx/CONTADOR/ topic: 
{                                                                  "ID":"PWC  Acceso Castelli"                                      ,"RED":"SECTOR1"                                     ,"CANTIDAD":"15"                                     ,"HORA":"13/06/2023 09:12:43"} 
[97;1m***********************************************************************************[0m
[97;1mFecha / Hora : 2023/06/13 10:02:04[0m
Send to topic JPH/Tx/CONTADOR/: { "ID"  : "PWC  Acceso Castelli",                                            "Entrantes"  :"3",                                               "Salientes" : "0",                                             "RED":"SECTOR1",                                                 "HORA":"13/06/2023 10:02:03"}
[97;1m***********************************************************************************[0m
[97;1mFecha / Hora : 2023/06/13 10:02:07[0m
Received from JPH/Rx/CONTADOR/ topic: 
{                                                                  "ID":"PWC  Acceso Castelli"                                      ,"RED":"SECTOR1"                                     ,"CANTIDAD":"18"                                     ,"HORA":"13/06/2023 10:02:07"} 
[97;1m***********************************************************************************[0m
[97;1mFecha / Hora : 2023/06/13 10:22:13[0m
Send to topic JPH/Tx/CONTADOR/: { "ID"  : "PWC  Acceso Castelli",                                            "Entrantes"  :"1",                                               "Salientes" : "0",                                             "RED":"SECTOR1",                                                 "HORA":"13/06/2023 10:22:13"}
[97;1m***********************************************************************************[0m
[97;1mFecha / Hora : 2023/06/13 10:22:17[0m
Received from JPH/Rx/CONTADOR/ topic: 
{                                                                  "ID":"PWC  Acceso Castelli"                                      ,"RED":"SECTOR1"                                     ,"CANTIDAD":"19"                                     ,"HORA":"13/06/2023 10:22:16"} 
[97;1m***********************************************************************************[0m
[97;1mFecha / Hora : 2023/06/13 12:39:21[0m
Send to topic JPH/Tx/CONTADOR/: { "ID"  : "PWC  Acceso Castelli",                                            "Entrantes"  :"1",                                               "Salientes" : "0",                                             "RED":"SECTOR1",                                                 "HORA":"13/06/2023 12:39:21"}
[97;1m***********************************************************************************[0m
[97;1mFecha / Hora : 2023/06/13 12:39:25[0m
Received from JPH/Rx/CONTADOR/ topic: 
{                                                                  "ID":"PWC  Acceso Castelli"                                      ,"RED":"SECTOR1"                                     ,"CANTIDAD":"20"                                     ,"HORA":"13/06/2023 12:39:24"} 
[97;1m***********************************************************************************[0m
[97;1mFecha / Hora : 2023/06/13 12:40:21[0m
Send to topic JPH/Tx/CONTADOR/: { "ID"  : "PWC  Acceso Castelli",                                            "Entrantes"  :"1",                                               "Salientes" : "0",                                             "RED":"SECTOR1",                                                 "HORA":"13/06/2023 12:40:21"}
[97;1m***********************************************************************************[0m
[97;1mFecha / Hora : 2023/06/13 12:40:25[0m
Received from JPH/Rx/CONTADOR/ topic: 
{                                                                  "ID":"PWC  Acceso Castelli"                                      ,"RED":"SECTOR1"                                     ,"CANTIDAD":"21"                                     ,"HORA":"13/06/2023 12:40:25"} 
[97;1m***********************************************************************************[0m
[97;1mFecha / Hora : 2023/06/13 14:13:03[0m
Failed to send message to topic JPH/Tx/CONTADOR/
[97;1m***********************************************************************************[0m
[97;1mFecha / Hora : 2023/06/13 14:18:48[0m
Failed to send message to topic JPH/Tx/CONTADOR/
[97;1m***********************************************************************************[0m
[97;1mFecha / Hora : 2023/06/13 14:21:56[0m
Failed to send message to topic JPH/Tx/CONTADOR/
[97;1m***********************************************************************************[0m
[97;1mFecha / Hora : 2023/06/13 14:32:14[0m
Failed to send message to topic JPH/Tx/CONTADOR/
[97;1m***********************************************************************************[0m
[97;1mFecha / Hora : 2023/06/13 14:32:48[0m
Failed to send message to topic JPH/Tx/CONTADOR/
[97;1m***********************************************************************************[0m
[97;1mFecha / Hora : 2023/06/13 14:18:26[0m
Failed to send message to topic JPH/Tx/CONTADOR/
[97;1m***********************************************************************************[0m
[97;1mFecha / Hora : 2023/06/15 09:18:29[0m
Failed to send message to topic JPH/Tx/CONTADOR/
[97;1m***********************************************************************************[0m
[97;1mFecha / Hora : 2023/06/16 13:44:21[0m
CONEXION MQTT ESTABLECIDA
[97;1m***********************************************************************************[0m
[97;1mFecha / Hora : 2023/06/16 13:49:32[0m
CONEXION MQTT ESTABLECIDA
[97;1m***********************************************************************************[0m
[97;1mFecha / Hora : 2023/06/16 13:49:32[0m
Send to topic JPH/Tx/CONTADOR/: { "ID"  : "PWC  Acceso Castelli",                                                "Entrantes"  :"0",                                                   "Salientes" : "0",                                                 "RED":"SECTOR1",                                                "HORA":"16/06/2023 13:49:32"}
[97;1m***********************************************************************************[0m
[97;1mFecha / Hora : 2023/06/16 15:00:44[0m
Send to topic JPH/Tx/CONTADOR/: { "ID"  : "PWC  Acceso Castelli",                                            "Entrantes"  :"1",                                               "Salientes" : "0",                                             "RED":"SECTOR1",                                                 "HORA":"16/06/2023 15:00:44"}
[97;1m***********************************************************************************[0m
[97;1mFecha / Hora : 2023/06/16 15:01:44[0m
Send to topic JPH/Tx/CONTADOR/: { "ID"  : "PWC  Acceso Castelli",                                            "Entrantes"  :"1",                                               "Salientes" : "0",                                             "RED":"SECTOR1",                                                 "HORA":"16/06/2023 15:01:44"}
[97;1m***********************************************************************************[0m
[97;1mFecha / Hora : 2023/06/16 15:02:44[0m
Send to topic JPH/Tx/CONTADOR/: { "ID"  : "PWC  Acceso Castelli",                                            "Entrantes"  :"1",                                               "Salientes" : "0",                                             "RED":"SECTOR1",                                                 "HORA":"16/06/2023 15:02:44"}
