***********************************************************************************
Fecha / Hora : 2023/02/17 15:53:11
Tarea : Leer Wiegand
ID WD1 = 36739686
***********************************************************************************
Fecha / Hora : 2023/02/17 15:54:38
Tarea : Leer Wiegand
ID WD1 = 36739686
***********************************************************************************
Fecha / Hora : 2023/02/17 15:58:07
Tarea : Leer Wiegand
ID WD1 = 36739686
***********************************************************************************
Fecha / Hora : 2023/02/17 15:58:34
Tarea : Leer Wiegand
ID WD1 = 36739686
***********************************************************************************
Fecha / Hora : 2023/02/17 15:58:46
Tarea : Leer Wiegand
ID WD1 = 36739686
***********************************************************************************
Fecha / Hora : 2023/02/22 14:12:42
Tarea : Leer Wiegand
ID WD1 = 36739686
***********************************************************************************
Fecha / Hora : 2023/02/22 14:15:44
Tarea : Leer Wiegand
ID WD1 = 36739686
***********************************************************************************
Fecha / Hora : 2023/02/22 14:16:28
Tarea : Leer Wiegand
ID WD1 = 36739686
***********************************************************************************
Fecha / Hora : 2023/02/22 14:16:55
Tarea : Leer Wiegand
ID WD1 = 36739686
***********************************************************************************
Fecha / Hora : 2023/02/22 14:21:29
Tarea : Leer Wiegand
ID WD1 = 36739686
***********************************************************************************
Fecha / Hora : 2023/02/22 15:18:48
Tarea : Leer Wiegand
ID WD1 = 36739686
***********************************************************************************
Fecha / Hora : 2023/02/22 15:20:34
Tarea : Leer Wiegand
ID WD1 = 36739686
***********************************************************************************
Fecha / Hora : 2023/02/22 15:22:52
Tarea : Leer Wiegand
ID WD1 = 36739686
***********************************************************************************
Fecha / Hora : 2023/02/22 15:25:12
Tarea : Leer Wiegand
ID WD1 = 36739686
***********************************************************************************
Fecha / Hora : 2023/02/22 15:25:37
Tarea : Leer Wiegand
ID WD1 = 36739686
***********************************************************************************
Fecha / Hora : 2023/02/22 15:39:42
Tarea : Leer Wiegand
ID WD1 = 36739686
***********************************************************************************
Fecha / Hora : 2023/02/22 15:44:48
Tarea : Leer Wiegand
ID WD1 = 36739686
***********************************************************************************
Fecha / Hora : 2023/02/22 15:46:20
Tarea : Leer Wiegand
ID WD1 = 36739686
***********************************************************************************
Fecha / Hora : 2023/02/22 15:59:48
Tarea : Leer Wiegand
ID WD1 = 36739686
***********************************************************************************
Fecha / Hora : 2023/02/22 16:00:40
Tarea : Leer Wiegand
ID WD1 = 36739686
***********************************************************************************
Fecha / Hora : 2023/02/22 16:38:56
Tarea : Leer Wiegand
ID WD1 = 36739686
***********************************************************************************
Fecha / Hora : 2023/02/22 16:39:21
Tarea : Leer Wiegand
ID WD1 = 36739686
***********************************************************************************
Fecha / Hora : 2023/02/22 16:39:53
Tarea : Leer Wiegand
ID WD1 = 36739686
***********************************************************************************
Fecha / Hora : 2023/02/22 16:46:18
Tarea : Leer Wiegand
ID WD1 = 36739686
***********************************************************************************
Fecha / Hora : 2023/02/22 16:47:59
Tarea : Leer Wiegand
ID WD1 = 36739686
***********************************************************************************
Fecha / Hora : 2023/03/03 10:27:30
Tarea : Leer Wiegand
ID WD1 = 0
***********************************************************************************
Fecha / Hora : 2023/03/03 10:28:18
Tarea : Leer Wiegand
ID WD1 = 536870911
***********************************************************************************
Fecha / Hora : 2023/03/03 10:28:27
Tarea : Leer Wiegand
ID WD1 = 1174271291386916613944740298394668513687841274454159935353645485766104512557304221731849499192384351515967487
***********************************************************************************
Fecha / Hora : 2023/03/03 10:28:30
Tarea : Leer Wiegand
ID WD1 = 340282366920938463463374607431768211455
***********************************************************************************
Fecha / Hora : 2023/03/03 10:35:33
Tarea : Leer Wiegand
ID WD1 = 0
***********************************************************************************
Fecha / Hora : 2023/03/03 13:07:22
Tarea : Leer Wiegand
ID WD1 = 0
***********************************************************************************
Fecha / Hora : 2023/03/03 13:08:19
Tarea : Leer Wiegand
ID WD1 = 0
***********************************************************************************
Fecha / Hora : 2023/03/03 13:09:30
Tarea : Leer Wiegand
ID WD1 = 0
***********************************************************************************
Fecha / Hora : 2023/03/03 14:29:41
Tarea : Leer Wiegand
ID WD1 = 0
***********************************************************************************
Fecha / Hora : 2023/03/03 14:30:53
Tarea : Leer Wiegand
ID WD1 = 0
***********************************************************************************
Fecha / Hora : 2023/03/03 14:32:02
Tarea : Leer Wiegand
ID WD1 = 0
***********************************************************************************
Fecha / Hora : 2023/03/03 14:38:00
Tarea : Leer Wiegand
ID WD1 = 0
***********************************************************************************
Fecha / Hora : 2023/03/03 15:58:12
Tarea : Leer Wiegand
ID WD1 = 0
***********************************************************************************
Fecha / Hora : 2023/03/03 16:03:22
Tarea : Leer Wiegand
ID WD1 = 0
***********************************************************************************
Fecha / Hora : 2023/03/06 14:37:06
Tarea : Leer Wiegand
ID WD1 = 0
***********************************************************************************
Fecha / Hora : 2023/03/06 15:25:11
Tarea : Leer Wiegand
ID WD1 = 0
***********************************************************************************
Fecha / Hora : 2023/03/06 15:25:25
Tarea : Leer Wiegand
ID WD1 = 0
***********************************************************************************
Fecha / Hora : 2023/03/06 15:28:14
Tarea : Leer Wiegand
ID WD1 = 0
***********************************************************************************
Fecha / Hora : 2023/03/06 15:30:21
Tarea : Leer Wiegand
ID WD1 = 0
***********************************************************************************
Fecha / Hora : 2023/03/06 15:37:58
Tarea : Leer Wiegand
ID WD1 = 0
***********************************************************************************
Fecha / Hora : 2023/03/06 15:39:10
Tarea : Leer Wiegand
ID WD1 = 0
***********************************************************************************
Fecha / Hora : 2023/03/06 16:47:02
Tarea : Leer Wiegand
ID WD1 = 0
***********************************************************************************
Fecha / Hora : 2023/03/06 16:47:05
Tarea : Leer Wiegand
ID WD1 = 0
***********************************************************************************
Fecha / Hora : 2023/03/06 16:47:11
Tarea : Leer Wiegand
ID WD1 = 0
***********************************************************************************
Fecha / Hora : 2023/03/07 14:15:08
Tarea : Leer Wiegand
ID WD1 = 0
***********************************************************************************
Fecha / Hora : 2023/03/07 14:28:01
Tarea : Leer Wiegand
ID WD1 = 0
***********************************************************************************
Fecha / Hora : 2023/03/07 14:54:05
Tarea : Leer Wiegand
ID WD1 = 0
***********************************************************************************
Fecha / Hora : 2023/03/07 15:17:25
Tarea : Leer Wiegand
ID WD1 = 0
***********************************************************************************
Fecha / Hora : 2023/03/07 15:18:51
Tarea : Leer Wiegand
ID WD1 = 0
***********************************************************************************
Fecha / Hora : 2023/03/07 15:19:08
Tarea : Leer Wiegand
ID WD1 = 0
***********************************************************************************
Fecha / Hora : 2023/03/07 15:19:10
Tarea : Leer Wiegand
ID WD1 = 0
***********************************************************************************
Fecha / Hora : 2023/03/07 15:19:13
Tarea : Leer Wiegand
ID WD1 = 0
***********************************************************************************
Fecha / Hora : 2023/03/07 15:19:46
Tarea : Leer Wiegand
ID WD1 = 0
***********************************************************************************
Fecha / Hora : 2023/03/07 15:20:22
Tarea : Leer Wiegand
ID WD1 = 0
***********************************************************************************
Fecha / Hora : 2023/03/07 15:22:32
Tarea : Leer Wiegand
ID WD1 = 0
***********************************************************************************
Fecha / Hora : 2023/03/07 15:22:35
Tarea : Leer Wiegand
ID WD1 = 0
***********************************************************************************
Fecha / Hora : 2023/03/07 15:22:39
Tarea : Leer Wiegand
ID WD1 = 0
***********************************************************************************
Fecha / Hora : 2023/03/07 15:23:24
Tarea : Leer Wiegand
ID WD1 = 0
***********************************************************************************
Fecha / Hora : 2023/03/07 15:24:30
Tarea : Leer Wiegand
ID WD1 = 0
***********************************************************************************
Fecha / Hora : 2023/03/07 15:24:54
Tarea : Leer Wiegand
ID WD1 = 0
***********************************************************************************
Fecha / Hora : 2023/03/07 15:25:53
Tarea : Leer Wiegand
ID WD1 = 0
***********************************************************************************
Fecha / Hora : 2023/03/07 15:28:31
Tarea : Leer Wiegand
ID WD1 = 0
***********************************************************************************
Fecha / Hora : 2023/03/07 15:29:00
Tarea : Leer Wiegand
ID WD1 = 0
***********************************************************************************
Fecha / Hora : 2023/03/07 15:29:10
Tarea : Leer Wiegand
ID WD1 = 0
***********************************************************************************
Fecha / Hora : 2023/03/07 15:30:59
Tarea : Leer Wiegand
ID WD1 = 0
***********************************************************************************
Fecha / Hora : 2023/03/07 15:32:19
Tarea : Leer Wiegand
ID WD1 = 0
***********************************************************************************
Fecha / Hora : 2023/03/07 15:32:37
Tarea : Leer Wiegand
ID WD1 = 0
***********************************************************************************
Fecha / Hora : 2023/03/07 15:34:25
Tarea : Leer Wiegand
ID WD1 = 0
***********************************************************************************
Fecha / Hora : 2023/03/07 15:34:42
Tarea : Leer Wiegand
ID WD1 = 0
***********************************************************************************
Fecha / Hora : 2023/03/07 15:34:48
Tarea : Leer Wiegand
ID WD1 = 0
***********************************************************************************
Fecha / Hora : 2023/03/07 15:36:44
Tarea : Leer Wiegand
ID WD1 = 0
***********************************************************************************
Fecha / Hora : 2023/03/07 15:38:37
Tarea : Leer Wiegand
ID WD1 = 0
***********************************************************************************
Fecha / Hora : 2023/03/07 15:38:59
Tarea : Leer Wiegand
ID WD1 = 0
***********************************************************************************
Fecha / Hora : 2023/03/07 15:39:06
Tarea : Leer Wiegand
ID WD1 = 0
***********************************************************************************
Fecha / Hora : 2023/03/07 15:44:37
Tarea : Leer Wiegand
ID WD1 = 0
***********************************************************************************
Fecha / Hora : 2023/03/07 15:45:15
Tarea : Leer Wiegand
ID WD1 = 0
***********************************************************************************
Fecha / Hora : 2023/03/07 15:45:17
Tarea : Leer Wiegand
ID WD1 = 0
***********************************************************************************
Fecha / Hora : 2023/03/07 15:45:38
Tarea : Leer Wiegand
ID WD1 = 0
***********************************************************************************
Fecha / Hora : 2023/03/07 15:45:41
Tarea : Leer Wiegand
ID WD1 = 0
***********************************************************************************
Fecha / Hora : 2023/03/07 15:46:37
Tarea : Leer Wiegand
ID WD1 = 0
***********************************************************************************
Fecha / Hora : 2023/03/07 15:46:59
Tarea : Leer Wiegand
ID WD1 = 0
***********************************************************************************
Fecha / Hora : 2023/03/07 17:32:03
Tarea : Leer Wiegand
ID WD1 = 0
***********************************************************************************
Fecha / Hora : 2023/03/07 17:32:52
Tarea : Leer Wiegand
ID WD1 = 0
***********************************************************************************
Fecha / Hora : 2023/03/07 17:37:09
Tarea : Leer Wiegand
ID WD1 = 0
***********************************************************************************
Fecha / Hora : 2023/03/07 17:38:45
Tarea : Leer Wiegand
ID WD1 = 0
***********************************************************************************
Fecha / Hora : 2023/03/07 17:41:56
Tarea : Leer Wiegand
ID WD1 = 0
***********************************************************************************
Fecha / Hora : 2023/03/07 17:42:02
Tarea : Leer Wiegand
ID WD1 = 0
***********************************************************************************
Fecha / Hora : 2023/03/07 17:42:55
Tarea : Leer Wiegand
ID WD1 = 0
***********************************************************************************
Fecha / Hora : 2023/03/08 10:12:27
Tarea : Leer Wiegand
ID WD1 = 524287
***********************************************************************************
Fecha / Hora : 2023/03/08 10:13:18
Tarea : Leer Wiegand
ID WD1 = 0
***********************************************************************************
Fecha / Hora : 2023/03/08 10:13:20
Tarea : Leer Wiegand
ID WD1 = 0
***********************************************************************************
Fecha / Hora : 2023/03/08 10:13:23
Tarea : Leer Wiegand
ID WD1 = 0
***********************************************************************************
Fecha / Hora : 2023/03/08 10:13:24
Tarea : Leer Wiegand
ID WD1 = 0
***********************************************************************************
Fecha / Hora : 2023/03/08 10:13:27
Tarea : Leer Wiegand
ID WD1 = 0
***********************************************************************************
Fecha / Hora : 2023/03/08 10:13:29
Tarea : Leer Wiegand
ID WD1 = 524287
***********************************************************************************
Fecha / Hora : 2023/03/08 10:13:39
Tarea : Leer Wiegand
ID WD1 = 524287
***********************************************************************************
Fecha / Hora : 2023/03/08 10:13:49
Tarea : Leer Wiegand
ID WD1 = 524287
***********************************************************************************
Fecha / Hora : 2023/03/08 10:14:04
Tarea : Leer Wiegand
ID WD1 = 524287
***********************************************************************************
Fecha / Hora : 2023/03/08 10:14:17
Tarea : Leer Wiegand
ID WD1 = 0
***********************************************************************************
Fecha / Hora : 2023/03/08 10:14:19
Tarea : Leer Wiegand
ID WD1 = 63
***********************************************************************************
Fecha / Hora : 2023/03/08 10:14:29
Tarea : Leer Wiegand
ID WD1 = 7067388259113537318333190002971674063309935587502475832486424805170479103
***********************************************************************************
Fecha / Hora : 2023/03/08 10:14:45
Tarea : Leer Wiegand
ID WD1 = 0
***********************************************************************************
Fecha / Hora : 2023/03/08 10:14:51
Tarea : Leer Wiegand
ID WD1 = 0
***********************************************************************************
Fecha / Hora : 2023/03/08 10:15:30
Tarea : Leer Wiegand
ID WD1 = 83076749736557242056487941267521535
***********************************************************************************
Fecha / Hora : 2023/03/08 10:15:32
Tarea : Leer Wiegand
ID WD1 = 131071
***********************************************************************************
Fecha / Hora : 2023/03/08 10:17:00
Tarea : Leer Wiegand
ID WD1 = 36739686
***********************************************************************************
Fecha / Hora : 2023/03/08 10:22:16
Tarea : Leer Wiegand
ID WD1 = 36739686
***********************************************************************************
Fecha / Hora : 2023/03/08 10:33:41
Tarea : Leer Wiegand
ID WD1 = 36739686
***********************************************************************************
Fecha / Hora : 2023/03/08 10:37:05
Tarea : Leer Wiegand
ID WD1 = 36739686
***********************************************************************************
Fecha / Hora : 2023/03/08 10:41:08
Tarea : Leer Wiegand
ID WD1 = 36739686
***********************************************************************************
Fecha / Hora : 2023/03/08 10:52:48
Tarea : Leer Wiegand
ID WD1 = 36739686
***********************************************************************************
Fecha / Hora : 2023/03/08 10:55:59
Tarea : Leer Wiegand
ID WD1 = 36739686
[97;1m***********************************************************************************[0m
[97;1mFecha / Hora : 2023/05/08 15:34:08[0m
Tarea : Leer Wiegand
ID WD1 = 36739686
[97;1m***********************************************************************************[0m
[97;1mFecha / Hora : 2023/05/08 15:34:44[0m
Tarea : Leer Wiegand
ID WD1 = 36739686
[97;1m***********************************************************************************[0m
[97;1mFecha / Hora : 2023/05/08 15:34:57[0m
Tarea : Leer Wiegand
ID WD1 = 36739686
[97;1m***********************************************************************************[0m
[97;1mFecha / Hora : 2023/05/08 15:35:15[0m
Tarea : Leer Wiegand
ID WD1 = 36739686
[97;1m***********************************************************************************[0m
[97;1mFecha / Hora : 2023/05/08 15:36:02[0m
Tarea : Leer Wiegand
ID WD1 = 3305651
[97;1m***********************************************************************************[0m
[97;1mFecha / Hora : 2023/05/08 15:36:06[0m
Tarea : Leer Wiegand
ID WD1 = 36739686
[97;1m***********************************************************************************[0m
[97;1mFecha / Hora : 2023/05/08 15:36:19[0m
Tarea : Leer Wiegand
ID WD1 = 36739686
[97;1m***********************************************************************************[0m
[97;1mFecha / Hora : 2023/05/08 15:36:24[0m
Tarea : Leer Wiegand
ID WD1 = 3305651
[97;1m***********************************************************************************[0m
[97;1mFecha / Hora : 2023/05/08 15:36:44[0m
Tarea : Leer Wiegand
ID WD1 = 36739686
[97;1m***********************************************************************************[0m
[97;1mFecha / Hora : 2023/05/08 15:37:53[0m
Tarea : Leer Wiegand
ID WD1 = 3305651
[97;1m***********************************************************************************[0m
[97;1mFecha / Hora : 2023/05/08 15:38:10[0m
Tarea : Leer Wiegand
ID WD1 = 3305651
[97;1m***********************************************************************************[0m
[97;1mFecha / Hora : 2023/05/09 08:17:36[0m
Tarea : Leer Wiegand
ID WD1 = 36739686
[97;1m***********************************************************************************[0m
[97;1mFecha / Hora : 2023/05/10 17:57:27[0m
Tarea : Leer Wiegand
ID WD1 = 3305651
[97;1m***********************************************************************************[0m
[97;1mFecha / Hora : 2023/05/11 16:40:45[0m
Tarea : Leer Wiegand
ID WD1 = 36739686
[97;1m***********************************************************************************[0m
[97;1mFecha / Hora : 2023/05/12 08:37:33[0m
Tarea : Leer Wiegand
ID WD1 = 36739686
[97;1m***********************************************************************************[0m
[97;1mFecha / Hora : 2023/05/15 08:29:15[0m
Tarea : Leer Wiegand
ID WD1 = 36739686
[97;1m***********************************************************************************[0m
[97;1mFecha / Hora : 2023/06/12 14:01:02[0m
Tarea : Leer Wiegand
ID WD1 = 36739686
[97;1m***********************************************************************************[0m
[97;1mFecha / Hora : 2023/06/12 14:01:44[0m
Tarea : Leer Wiegand
ID WD1 = 36739686
[97;1m***********************************************************************************[0m
[97;1mFecha / Hora : 2023/06/12 14:01:54[0m
Tarea : Leer Wiegand
ID WD1 = 31111111
[97;1m***********************************************************************************[0m
[97;1mFecha / Hora : 2023/06/12 14:49:57[0m
Tarea : Leer Wiegand
ID WD1 = 36739686
[97;1m***********************************************************************************[0m
[97;1mFecha / Hora : 2023/06/12 17:03:48[0m
Tarea : Leer Wiegand
ID WD1 = 36739686
[97;1m***********************************************************************************[0m
[97;1mFecha / Hora : 2023/06/12 17:03:53[0m
Tarea : Leer Wiegand
ID WD1 = 31111111
[97;1m***********************************************************************************[0m
[97;1mFecha / Hora : 2023/06/12 17:09:54[0m
Tarea : Leer Wiegand
ID WD1 = 36739686
[97;1m***********************************************************************************[0m
[97;1mFecha / Hora : 2023/06/13 08:22:59[0m
Tarea : Leer Wiegand
ID WD1 = 36739686
[97;1m***********************************************************************************[0m
[97;1mFecha / Hora : 2023/06/13 08:26:05[0m
Tarea : Leer Wiegand
ID WD1 = 36739686
[97;1m***********************************************************************************[0m
[97;1mFecha / Hora : 2023/06/13 08:26:52[0m
Tarea : Leer Wiegand
ID WD1 = 36739686
[97;1m***********************************************************************************[0m
[97;1mFecha / Hora : 2023/06/13 08:35:25[0m
Tarea : Leer Wiegand
ID WD1 = 36739686
[97;1m***********************************************************************************[0m
[97;1mFecha / Hora : 2023/06/13 08:40:01[0m
Tarea : Leer Wiegand
ID WD1 = 36739686
[97;1m***********************************************************************************[0m
[97;1mFecha / Hora : 2023/06/13 08:40:18[0m
Tarea : Leer Wiegand
ID WD1 = 36739686
[97;1m***********************************************************************************[0m
[97;1mFecha / Hora : 2023/06/13 08:46:11[0m
Tarea : Leer Wiegand
ID WD1 = 36739686
[97;1m***********************************************************************************[0m
[97;1mFecha / Hora : 2023/06/13 08:46:26[0m
Tarea : Leer Wiegand
ID WD1 = 36739686
[97;1m***********************************************************************************[0m
[97;1mFecha / Hora : 2023/06/13 09:01:52[0m
Tarea : Leer Wiegand
ID WD1 = 36739686
[97;1m***********************************************************************************[0m
[97;1mFecha / Hora : 2023/06/13 09:02:35[0m
Tarea : Leer Wiegand
ID WD1 = 36739686
[97;1m***********************************************************************************[0m
[97;1mFecha / Hora : 2023/06/13 09:02:43[0m
Tarea : Leer Wiegand
ID WD1 = 31111111
[97;1m***********************************************************************************[0m
[97;1mFecha / Hora : 2023/06/13 09:04:28[0m
Tarea : Leer Wiegand
ID WD1 = 36739686
[97;1m***********************************************************************************[0m
[97;1mFecha / Hora : 2023/06/13 09:04:32[0m
Tarea : Leer Wiegand
ID WD1 = 31111111
[97;1m***********************************************************************************[0m
[97;1mFecha / Hora : 2023/06/13 09:07:45[0m
Tarea : Leer Wiegand
ID WD1 = 36739686
[97;1m***********************************************************************************[0m
[97;1mFecha / Hora : 2023/06/13 09:07:52[0m
Tarea : Leer Wiegand
ID WD1 = 36739686
[97;1m***********************************************************************************[0m
[97;1mFecha / Hora : 2023/06/13 09:08:05[0m
Tarea : Leer Wiegand
ID WD1 = 36739686
[97;1m***********************************************************************************[0m
[97;1mFecha / Hora : 2023/06/13 09:08:33[0m
Tarea : Leer Wiegand
ID WD1 = 31111111
[97;1m***********************************************************************************[0m
[97;1mFecha / Hora : 2023/06/13 09:08:38[0m
Tarea : Leer Wiegand
ID WD1 = 36739686
[97;1m***********************************************************************************[0m
[97;1mFecha / Hora : 2023/06/13 09:09:01[0m
Tarea : Leer Wiegand
ID WD1 = 36739686
[97;1m***********************************************************************************[0m
[97;1mFecha / Hora : 2023/06/13 09:09:21[0m
Tarea : Leer Wiegand
ID WD1 = 31111111
[97;1m***********************************************************************************[0m
[97;1mFecha / Hora : 2023/06/13 09:09:36[0m
Tarea : Leer Wiegand
ID WD1 = 36739686
[97;1m***********************************************************************************[0m
[97;1mFecha / Hora : 2023/06/13 09:09:39[0m
Tarea : Leer Wiegand
ID WD1 = 31111111
[97;1m***********************************************************************************[0m
[97;1mFecha / Hora : 2023/06/13 09:09:43[0m
Tarea : Leer Wiegand
ID WD1 = 36739686
[97;1m***********************************************************************************[0m
[97;1mFecha / Hora : 2023/06/13 09:10:40[0m
Tarea : Leer Wiegand
ID WD1 = 36739686
[97;1m***********************************************************************************[0m
[97;1mFecha / Hora : 2023/06/13 09:11:02[0m
Tarea : Leer Wiegand
ID WD1 = 36739686
[97;1m***********************************************************************************[0m
[97;1mFecha / Hora : 2023/06/13 09:11:14[0m
Tarea : Leer Wiegand
ID WD1 = 36739686
[97;1m***********************************************************************************[0m
[97;1mFecha / Hora : 2023/06/13 09:11:18[0m
Tarea : Leer Wiegand
ID WD1 = 36739686
[97;1m***********************************************************************************[0m
[97;1mFecha / Hora : 2023/06/13 09:11:30[0m
Tarea : Leer Wiegand
ID WD1 = 36739686
[97;1m***********************************************************************************[0m
[97;1mFecha / Hora : 2023/06/13 09:11:49[0m
Tarea : Leer Wiegand
ID WD1 = 31111111
[97;1m***********************************************************************************[0m
[97;1mFecha / Hora : 2023/06/13 09:11:53[0m
Tarea : Leer Wiegand
ID WD1 = 36739686
[97;1m***********************************************************************************[0m
[97;1mFecha / Hora : 2023/06/13 09:11:57[0m
Tarea : Leer Wiegand
ID WD1 = 31111111
[97;1m***********************************************************************************[0m
[97;1mFecha / Hora : 2023/06/13 09:11:59[0m
Tarea : Leer Wiegand
ID WD1 = 31111111
[97;1m***********************************************************************************[0m
[97;1mFecha / Hora : 2023/06/13 09:12:01[0m
Tarea : Leer Wiegand
ID WD1 = 36739686
[97;1m***********************************************************************************[0m
[97;1mFecha / Hora : 2023/06/13 09:12:03[0m
Tarea : Leer Wiegand
ID WD1 = 36739686
[97;1m***********************************************************************************[0m
[97;1mFecha / Hora : 2023/06/13 09:12:06[0m
Tarea : Leer Wiegand
ID WD1 = 31111111
[97;1m***********************************************************************************[0m
[97;1mFecha / Hora : 2023/06/13 09:12:08[0m
Tarea : Leer Wiegand
ID WD1 = 31111111
[97;1m***********************************************************************************[0m
[97;1mFecha / Hora : 2023/06/13 10:01:16[0m
Tarea : Leer Wiegand
ID WD1 = 36739686
[97;1m***********************************************************************************[0m
[97;1mFecha / Hora : 2023/06/13 10:01:31[0m
Tarea : Leer Wiegand
ID WD1 = 36739686
[97;1m***********************************************************************************[0m
[97;1mFecha / Hora : 2023/06/13 10:01:52[0m
Tarea : Leer Wiegand
ID WD1 = 31111111
[97;1m***********************************************************************************[0m
[97;1mFecha / Hora : 2023/06/13 10:01:55[0m
Tarea : Leer Wiegand
ID WD1 = 36739686
[97;1m***********************************************************************************[0m
[97;1mFecha / Hora : 2023/06/13 11:19:27[0m
Tarea : Leer Wiegand
ID WD1 = 36739686
[97;1m***********************************************************************************[0m
[97;1mFecha / Hora : 2023/06/13 12:38:45[0m
Tarea : Leer Wiegand
ID WD1 = 36739686
[97;1m***********************************************************************************[0m
[97;1mFecha / Hora : 2023/06/13 12:39:22[0m
Tarea : Leer Wiegand
ID WD1 = 36739686
[97;1m***********************************************************************************[0m
[97;1mFecha / Hora : 2023/06/13 12:39:38[0m
Tarea : Leer Wiegand
ID WD1 = 36739686
